<?xml version="1.0" encoding="UTF-8"?>
<!-- Generated by org.testng.reporters.JUnitReportReporter -->
<testsuite skipped="0" hostname="MyComputer" name="test.AddContactTest" tests="1" failures="0" timestamp="17 Oct 2022 18:40:31 GMT" time="4.460" errors="0">
  <testcase name="userShouldBeAbleToAddCustomer" time="4.460" classname="test.AddContactTest"/>
</testsuite> <!-- test.AddContactTest -->
