<?xml version="1.0" encoding="UTF-8"?>
<!-- Generated by org.testng.reporters.JUnitReportReporter -->
<testsuite skipped="0" hostname="MyComputer" name="test.LoginTest" tests="1" failures="0" timestamp="17 Oct 2022 18:25:59 GMT" time="4.225" errors="0">
  <testcase name="validUserShouldBeAbleToLogin" time="4.225" classname="test.LoginTest"/>
</testsuite> <!-- test.LoginTest -->
